<?xml version="1.0" encoding="UTF-8"?>
<testsuite name="test.java.AlgoTest" tests="7" skipped="0" failures="0" errors="0" timestamp="2018-10-22T05:16:42" hostname="Bhawana.local" time="0.016">
  <properties/>
  <testcase name="testMergeSort" classname="test.java.AlgoTest" time="0.008"/>
  <testcase name="testSelectionSort" classname="test.java.AlgoTest" time="0.001"/>
  <testcase name="testHeapSort" classname="test.java.AlgoTest" time="0.001"/>
  <testcase name="testCoverageBubbleSort" classname="test.java.AlgoTest" time="0.001"/>
  <testcase name="testInsertionSort" classname="test.java.AlgoTest" time="0.001"/>
  <testcase name="testAllCoverageBubbleSort" classname="test.java.AlgoTest" time="0.0"/>
  <testcase name="testQuickSort" classname="test.java.AlgoTest" time="0.0"/>
  <system-out><![CDATA[]]></system-out>
  <system-err><![CDATA[]]></system-err>
</testsuite>
